0 info it worked if it ends with ok
1 verbose cli [ '/usr/bin/nodejs', '/usr/bin/npm', 'run', 'test' ]
2 info using npm@3.5.2
3 info using node@v4.2.6
4 verbose run-script [ 'pretest', 'test', 'posttest' ]
5 info lifecycle @1.0.0~pretest: @1.0.0
6 silly lifecycle @1.0.0~pretest: no script for pretest, continuing
7 info lifecycle @1.0.0~test: @1.0.0
8 verbose lifecycle @1.0.0~test: unsafe-perm in lifecycle true
9 verbose lifecycle @1.0.0~test: PATH: /usr/share/npm/bin/node-gyp-bin:/home/ash/WebstormProjects/Datacom-Work/aws-msp-projects/deploy-templates-input/function/node_modules/.bin:/home/ash/bin:/home/ash/.local/bin:/home/ash/bin:/home/ash/.local/bin:/usr/local/sbin:/usr/local/bin:/usr/sbin:/usr/bin:/sbin:/bin:/usr/games:/usr/local/games
10 verbose lifecycle @1.0.0~test: CWD: /home/ash/WebstormProjects/Datacom-Work/aws-msp-projects/deploy-templates-input/function
11 silly lifecycle @1.0.0~test: Args: [ '-c', 'jest' ]
12 info lifecycle @1.0.0~test: Failed to exec test script
13 verbose stack Error: @1.0.0 test: `jest`
13 verbose stack spawn ENOENT
13 verbose stack     at ChildProcess.<anonymous> (/usr/share/npm/lib/utils/spawn.js:17:16)
13 verbose stack     at emitTwo (events.js:87:13)
13 verbose stack     at ChildProcess.emit (events.js:172:7)
13 verbose stack     at maybeClose (internal/child_process.js:821:16)
13 verbose stack     at Process.ChildProcess._handle.onexit (internal/child_process.js:211:5)
14 verbose pkgid @1.0.0
15 verbose cwd /home/ash/WebstormProjects/Datacom-Work/aws-msp-projects/deploy-templates-input/function
16 error Linux 4.15.0-36-generic
17 error argv "/usr/bin/nodejs" "/usr/bin/npm" "run" "test"
18 error node v4.2.6
19 error npm  v3.5.2
20 error file sh
21 error code ELIFECYCLE
22 error errno ENOENT
23 error syscall spawn
24 error @1.0.0 test: `jest`
24 error spawn ENOENT
25 error Failed at the @1.0.0 test script 'jest'.
25 error Make sure you have the latest version of node.js and npm installed.
25 error If you do, this is most likely a problem with the  package,
25 error not with npm itself.
25 error Tell the author that this fails on your system:
25 error     jest
25 error You can get information on how to open an issue for this project with:
25 error     npm bugs
25 error Or if that isn't available, you can get their info via:
25 error     npm owner ls
25 error There is likely additional logging output above.
26 verbose exit [ 1, true ]
